Determining if the pthread_create exist failed with the following output:
Change Dir: /home/gli-ai/workspace/ncnn_106landmarks/build/CMakeFiles/CMakeTmp

Run Build Command(s):/usr/bin/make cmTC_60fcc/fast 
/usr/bin/make -f CMakeFiles/cmTC_60fcc.dir/build.make CMakeFiles/cmTC_60fcc.dir/build
make[1]: Entering directory '/home/gli-ai/workspace/ncnn_106landmarks/build/CMakeFiles/CMakeTmp'
Building C object CMakeFiles/cmTC_60fcc.dir/CheckSymbolExists.c.o
/usr/bin/cc   -fPIC    -o CMakeFiles/cmTC_60fcc.dir/CheckSymbolExists.c.o   -c /home/gli-ai/workspace/ncnn_106landmarks/build/CMakeFiles/CMakeTmp/CheckSymbolExists.c
Linking C executable cmTC_60fcc
/usr/local/bin/cmake -E cmake_link_script CMakeFiles/cmTC_60fcc.dir/link.txt --verbose=1
/usr/bin/cc -fPIC     -rdynamic CMakeFiles/cmTC_60fcc.dir/CheckSymbolExists.c.o  -o cmTC_60fcc 
CMakeFiles/cmTC_60fcc.dir/CheckSymbolExists.c.o: In function `main':
CheckSymbolExists.c:(.text+0x14): undefined reference to `pthread_create'
CheckSymbolExists.c:(.text+0x18): undefined reference to `pthread_create'
collect2: error: ld returned 1 exit status
CMakeFiles/cmTC_60fcc.dir/build.make:86: recipe for target 'cmTC_60fcc' failed
make[1]: *** [cmTC_60fcc] Error 1
make[1]: Leaving directory '/home/gli-ai/workspace/ncnn_106landmarks/build/CMakeFiles/CMakeTmp'
Makefile:121: recipe for target 'cmTC_60fcc/fast' failed
make: *** [cmTC_60fcc/fast] Error 2

File /home/gli-ai/workspace/ncnn_106landmarks/build/CMakeFiles/CMakeTmp/CheckSymbolExists.c:
/* */
#include <pthread.h>

int main(int argc, char** argv)
{
  (void)argv;
#ifndef pthread_create
  return ((int*)(&pthread_create))[argc];
#else
  (void)argc;
  return 0;
#endif
}

Determining if the function pthread_create exists in the pthreads failed with the following output:
Change Dir: /home/gli-ai/workspace/ncnn_106landmarks/build/CMakeFiles/CMakeTmp

Run Build Command(s):/usr/bin/make cmTC_377a6/fast 
/usr/bin/make -f CMakeFiles/cmTC_377a6.dir/build.make CMakeFiles/cmTC_377a6.dir/build
make[1]: Entering directory '/home/gli-ai/workspace/ncnn_106landmarks/build/CMakeFiles/CMakeTmp'
Building C object CMakeFiles/cmTC_377a6.dir/CheckFunctionExists.c.o
/usr/bin/cc   -fPIC -DCHECK_FUNCTION_EXISTS=pthread_create   -o CMakeFiles/cmTC_377a6.dir/CheckFunctionExists.c.o   -c /usr/local/share/cmake-3.14/Modules/CheckFunctionExists.c
Linking C executable cmTC_377a6
/usr/local/bin/cmake -E cmake_link_script CMakeFiles/cmTC_377a6.dir/link.txt --verbose=1
/usr/bin/cc -fPIC -DCHECK_FUNCTION_EXISTS=pthread_create    -rdynamic CMakeFiles/cmTC_377a6.dir/CheckFunctionExists.c.o  -o cmTC_377a6 -lpthreads 
/usr/bin/ld: cannot find -lpthreads
collect2: error: ld returned 1 exit status
CMakeFiles/cmTC_377a6.dir/build.make:86: recipe for target 'cmTC_377a6' failed
make[1]: *** [cmTC_377a6] Error 1
make[1]: Leaving directory '/home/gli-ai/workspace/ncnn_106landmarks/build/CMakeFiles/CMakeTmp'
Makefile:121: recipe for target 'cmTC_377a6/fast' failed
make: *** [cmTC_377a6/fast] Error 2


